This is pdfTeX, Version 3.14159265-2.6-1.40.17 (TeX Live 2016/Debian) (preloaded format=pdflatex 2019.7.7)  18 JUL 2019 13:14
entering extended mode
 restricted \write18 enabled.
 %&-line parsing enabled.
**mathfin.tex
(./mathfin.tex
LaTeX2e <2017/01/01> patch level 3
Babel <3.9r> and hyphenation patterns for 5 language(s) loaded.
(/usr/share/texlive/texmf-dist/tex/latex/base/article.cls
Document Class: article 2014/09/29 v1.4h Standard LaTeX document class
(/usr/share/texlive/texmf-dist/tex/latex/base/size12.clo
File: size12.clo 2014/09/29 v1.4h Standard LaTeX file (size option)
)
\c@part=\count79
\c@section=\count80
\c@subsection=\count81
\c@subsubsection=\count82
\c@paragraph=\count83
\c@subparagraph=\count84
\c@figure=\count85
\c@table=\count86
\abovecaptionskip=\skip41
\belowcaptionskip=\skip42
\bibindent=\dimen102
)
(/usr/share/texlive/texmf-dist/tex/latex/base/inputenc.sty
Package: inputenc 2015/03/17 v1.2c Input encoding file
\inpenc@prehook=\toks14
\inpenc@posthook=\toks15

(/usr/share/texlive/texmf-dist/tex/latex/base/utf8.def
File: utf8.def 2017/01/28 v1.1t UTF-8 support for inputenc
Now handling font encoding OML ...
... no UTF-8 mapping file for font encoding OML
Now handling font encoding T1 ...
... processing UTF-8 mapping file for font encoding T1

(/usr/share/texlive/texmf-dist/tex/latex/base/t1enc.dfu
File: t1enc.dfu 2017/01/28 v1.1t UTF-8 support for inputenc
   defining Unicode char U+00A0 (decimal 160)
   defining Unicode char U+00A1 (decimal 161)
   defining Unicode char U+00A3 (decimal 163)
   defining Unicode char U+00AB (decimal 171)
   defining Unicode char U+00AD (decimal 173)
   defining Unicode char U+00BB (decimal 187)
   defining Unicode char U+00BF (decimal 191)
   defining Unicode char U+00C0 (decimal 192)
   defining Unicode char U+00C1 (decimal 193)
   defining Unicode char U+00C2 (decimal 194)
   defining Unicode char U+00C3 (decimal 195)
   defining Unicode char U+00C4 (decimal 196)
   defining Unicode char U+00C5 (decimal 197)
   defining Unicode char U+00C6 (decimal 198)
   defining Unicode char U+00C7 (decimal 199)
   defining Unicode char U+00C8 (decimal 200)
   defining Unicode char U+00C9 (decimal 201)
   defining Unicode char U+00CA (decimal 202)
   defining Unicode char U+00CB (decimal 203)
   defining Unicode char U+00CC (decimal 204)
   defining Unicode char U+00CD (decimal 205)
   defining Unicode char U+00CE (decimal 206)
   defining Unicode char U+00CF (decimal 207)
   defining Unicode char U+00D0 (decimal 208)
   defining Unicode char U+00D1 (decimal 209)
   defining Unicode char U+00D2 (decimal 210)
   defining Unicode char U+00D3 (decimal 211)
   defining Unicode char U+00D4 (decimal 212)
   defining Unicode char U+00D5 (decimal 213)
   defining Unicode char U+00D6 (decimal 214)
   defining Unicode char U+00D8 (decimal 216)
   defining Unicode char U+00D9 (decimal 217)
   defining Unicode char U+00DA (decimal 218)
   defining Unicode char U+00DB (decimal 219)
   defining Unicode char U+00DC (decimal 220)
   defining Unicode char U+00DD (decimal 221)
   defining Unicode char U+00DE (decimal 222)
   defining Unicode char U+00DF (decimal 223)
   defining Unicode char U+00E0 (decimal 224)
   defining Unicode char U+00E1 (decimal 225)
   defining Unicode char U+00E2 (decimal 226)
   defining Unicode char U+00E3 (decimal 227)
   defining Unicode char U+00E4 (decimal 228)
   defining Unicode char U+00E5 (decimal 229)
   defining Unicode char U+00E6 (decimal 230)
   defining Unicode char U+00E7 (decimal 231)
   defining Unicode char U+00E8 (decimal 232)
   defining Unicode char U+00E9 (decimal 233)
   defining Unicode char U+00EA (decimal 234)
   defining Unicode char U+00EB (decimal 235)
   defining Unicode char U+00EC (decimal 236)
   defining Unicode char U+00ED (decimal 237)
   defining Unicode char U+00EE (decimal 238)
   defining Unicode char U+00EF (decimal 239)
   defining Unicode char U+00F0 (decimal 240)
   defining Unicode char U+00F1 (decimal 241)
   defining Unicode char U+00F2 (decimal 242)
   defining Unicode char U+00F3 (decimal 243)
   defining Unicode char U+00F4 (decimal 244)
   defining Unicode char U+00F5 (decimal 245)
   defining Unicode char U+00F6 (decimal 246)
   defining Unicode char U+00F8 (decimal 248)
   defining Unicode char U+00F9 (decimal 249)
   defining Unicode char U+00FA (decimal 250)
   defining Unicode char U+00FB (decimal 251)
   defining Unicode char U+00FC (decimal 252)
   defining Unicode char U+00FD (decimal 253)
   defining Unicode char U+00FE (decimal 254)
   defining Unicode char U+00FF (decimal 255)
   defining Unicode char U+0100 (decimal 256)
   defining Unicode char U+0101 (decimal 257)
   defining Unicode char U+0102 (decimal 258)
   defining Unicode char U+0103 (decimal 259)
   defining Unicode char U+0104 (decimal 260)
   defining Unicode char U+0105 (decimal 261)
   defining Unicode char U+0106 (decimal 262)
   defining Unicode char U+0107 (decimal 263)
   defining Unicode char U+0108 (decimal 264)
   defining Unicode char U+0109 (decimal 265)
   defining Unicode char U+010A (decimal 266)
   defining Unicode char U+010B (decimal 267)
   defining Unicode char U+010C (decimal 268)
   defining Unicode char U+010D (decimal 269)
   defining Unicode char U+010E (decimal 270)
   defining Unicode char U+010F (decimal 271)
   defining Unicode char U+0110 (decimal 272)
   defining Unicode char U+0111 (decimal 273)
   defining Unicode char U+0112 (decimal 274)
   defining Unicode char U+0113 (decimal 275)
   defining Unicode char U+0114 (decimal 276)
   defining Unicode char U+0115 (decimal 277)
   defining Unicode char U+0116 (decimal 278)
   defining Unicode char U+0117 (decimal 279)
   defining Unicode char U+0118 (decimal 280)
   defining Unicode char U+0119 (decimal 281)
   defining Unicode char U+011A (decimal 282)
   defining Unicode char U+011B (decimal 283)
   defining Unicode char U+011C (decimal 284)
   defining Unicode char U+011D (decimal 285)
   defining Unicode char U+011E (decimal 286)
   defining Unicode char U+011F (decimal 287)
   defining Unicode char U+0120 (decimal 288)
   defining Unicode char U+0121 (decimal 289)
   defining Unicode char U+0122 (decimal 290)
   defining Unicode char U+0123 (decimal 291)
   defining Unicode char U+0124 (decimal 292)
   defining Unicode char U+0125 (decimal 293)
   defining Unicode char U+0128 (decimal 296)
   defining Unicode char U+0129 (decimal 297)
   defining Unicode char U+012A (decimal 298)
   defining Unicode char U+012B (decimal 299)
   defining Unicode char U+012C (decimal 300)
   defining Unicode char U+012D (decimal 301)
   defining Unicode char U+012E (decimal 302)
   defining Unicode char U+012F (decimal 303)
   defining Unicode char U+0130 (decimal 304)
   defining Unicode char U+0131 (decimal 305)
   defining Unicode char U+0132 (decimal 306)
   defining Unicode char U+0133 (decimal 307)
   defining Unicode char U+0134 (decimal 308)
   defining Unicode char U+0135 (decimal 309)
   defining Unicode char U+0136 (decimal 310)
   defining Unicode char U+0137 (decimal 311)
   defining Unicode char U+0139 (decimal 313)
   defining Unicode char U+013A (decimal 314)
   defining Unicode char U+013B (decimal 315)
   defining Unicode char U+013C (decimal 316)
   defining Unicode char U+013D (decimal 317)
   defining Unicode char U+013E (decimal 318)
   defining Unicode char U+0141 (decimal 321)
   defining Unicode char U+0142 (decimal 322)
   defining Unicode char U+0143 (decimal 323)
   defining Unicode char U+0144 (decimal 324)
   defining Unicode char U+0145 (decimal 325)
   defining Unicode char U+0146 (decimal 326)
   defining Unicode char U+0147 (decimal 327)
   defining Unicode char U+0148 (decimal 328)
   defining Unicode char U+014A (decimal 330)
   defining Unicode char U+014B (decimal 331)
   defining Unicode char U+014C (decimal 332)
   defining Unicode char U+014D (decimal 333)
   defining Unicode char U+014E (decimal 334)
   defining Unicode char U+014F (decimal 335)
   defining Unicode char U+0150 (decimal 336)
   defining Unicode char U+0151 (decimal 337)
   defining Unicode char U+0152 (decimal 338)
   defining Unicode char U+0153 (decimal 339)
   defining Unicode char U+0154 (decimal 340)
   defining Unicode char U+0155 (decimal 341)
   defining Unicode char U+0156 (decimal 342)
   defining Unicode char U+0157 (decimal 343)
   defining Unicode char U+0158 (decimal 344)
   defining Unicode char U+0159 (decimal 345)
   defining Unicode char U+015A (decimal 346)
   defining Unicode char U+015B (decimal 347)
   defining Unicode char U+015C (decimal 348)
   defining Unicode char U+015D (decimal 349)
   defining Unicode char U+015E (decimal 350)
   defining Unicode char U+015F (decimal 351)
   defining Unicode char U+0160 (decimal 352)
   defining Unicode char U+0161 (decimal 353)
   defining Unicode char U+0162 (decimal 354)
   defining Unicode char U+0163 (decimal 355)
   defining Unicode char U+0164 (decimal 356)
   defining Unicode char U+0165 (decimal 357)
   defining Unicode char U+0168 (decimal 360)
   defining Unicode char U+0169 (decimal 361)
   defining Unicode char U+016A (decimal 362)
   defining Unicode char U+016B (decimal 363)
   defining Unicode char U+016C (decimal 364)
   defining Unicode char U+016D (decimal 365)
   defining Unicode char U+016E (decimal 366)
   defining Unicode char U+016F (decimal 367)
   defining Unicode char U+0170 (decimal 368)
   defining Unicode char U+0171 (decimal 369)
   defining Unicode char U+0172 (decimal 370)
   defining Unicode char U+0173 (decimal 371)
   defining Unicode char U+0174 (decimal 372)
   defining Unicode char U+0175 (decimal 373)
   defining Unicode char U+0176 (decimal 374)
   defining Unicode char U+0177 (decimal 375)
   defining Unicode char U+0178 (decimal 376)
   defining Unicode char U+0179 (decimal 377)
   defining Unicode char U+017A (decimal 378)
   defining Unicode char U+017B (decimal 379)
   defining Unicode char U+017C (decimal 380)
   defining Unicode char U+017D (decimal 381)
   defining Unicode char U+017E (decimal 382)
   defining Unicode char U+01CD (decimal 461)
   defining Unicode char U+01CE (decimal 462)
   defining Unicode char U+01CF (decimal 463)
   defining Unicode char U+01D0 (decimal 464)
   defining Unicode char U+01D1 (decimal 465)
   defining Unicode char U+01D2 (decimal 466)
   defining Unicode char U+01D3 (decimal 467)
   defining Unicode char U+01D4 (decimal 468)
   defining Unicode char U+01E2 (decimal 482)
   defining Unicode char U+01E3 (decimal 483)
   defining Unicode char U+01E6 (decimal 486)
   defining Unicode char U+01E7 (decimal 487)
   defining Unicode char U+01E8 (decimal 488)
   defining Unicode char U+01E9 (decimal 489)
   defining Unicode char U+01EA (decimal 490)
   defining Unicode char U+01EB (decimal 491)
   defining Unicode char U+01F0 (decimal 496)
   defining Unicode char U+01F4 (decimal 500)
   defining Unicode char U+01F5 (decimal 501)
   defining Unicode char U+0218 (decimal 536)
   defining Unicode char U+0219 (decimal 537)
   defining Unicode char U+021A (decimal 538)
   defining Unicode char U+021B (decimal 539)
   defining Unicode char U+0232 (decimal 562)
   defining Unicode char U+0233 (decimal 563)
   defining Unicode char U+1E02 (decimal 7682)
   defining Unicode char U+1E03 (decimal 7683)
   defining Unicode char U+200C (decimal 8204)
   defining Unicode char U+2010 (decimal 8208)
   defining Unicode char U+2011 (decimal 8209)
   defining Unicode char U+2012 (decimal 8210)
   defining Unicode char U+2013 (decimal 8211)
   defining Unicode char U+2014 (decimal 8212)
   defining Unicode char U+2015 (decimal 8213)
   defining Unicode char U+2018 (decimal 8216)
   defining Unicode char U+2019 (decimal 8217)
   defining Unicode char U+201A (decimal 8218)
   defining Unicode char U+201C (decimal 8220)
   defining Unicode char U+201D (decimal 8221)
   defining Unicode char U+201E (decimal 8222)
   defining Unicode char U+2030 (decimal 8240)
   defining Unicode char U+2031 (decimal 8241)
   defining Unicode char U+2039 (decimal 8249)
   defining Unicode char U+203A (decimal 8250)
   defining Unicode char U+2423 (decimal 9251)
   defining Unicode char U+1E20 (decimal 7712)
   defining Unicode char U+1E21 (decimal 7713)
)
Now handling font encoding OT1 ...
... processing UTF-8 mapping file for font encoding OT1

(/usr/share/texlive/texmf-dist/tex/latex/base/ot1enc.dfu
File: ot1enc.dfu 2017/01/28 v1.1t UTF-8 support for inputenc
   defining Unicode char U+00A0 (decimal 160)
   defining Unicode char U+00A1 (decimal 161)
   defining Unicode char U+00A3 (decimal 163)
   defining Unicode char U+00AD (decimal 173)
   defining Unicode char U+00B8 (decimal 184)
   defining Unicode char U+00BF (decimal 191)
   defining Unicode char U+00C5 (decimal 197)
   defining Unicode char U+00C6 (decimal 198)
   defining Unicode char U+00D8 (decimal 216)
   defining Unicode char U+00DF (decimal 223)
   defining Unicode char U+00E6 (decimal 230)
   defining Unicode char U+00EC (decimal 236)
   defining Unicode char U+00ED (decimal 237)
   defining Unicode char U+00EE (decimal 238)
   defining Unicode char U+00EF (decimal 239)
   defining Unicode char U+00F8 (decimal 248)
   defining Unicode char U+0131 (decimal 305)
   defining Unicode char U+0141 (decimal 321)
   defining Unicode char U+0142 (decimal 322)
   defining Unicode char U+0152 (decimal 338)
   defining Unicode char U+0153 (decimal 339)
   defining Unicode char U+0174 (decimal 372)
   defining Unicode char U+0175 (decimal 373)
   defining Unicode char U+0176 (decimal 374)
   defining Unicode char U+0177 (decimal 375)
   defining Unicode char U+0218 (decimal 536)
   defining Unicode char U+0219 (decimal 537)
   defining Unicode char U+021A (decimal 538)
   defining Unicode char U+021B (decimal 539)
   defining Unicode char U+2013 (decimal 8211)
   defining Unicode char U+2014 (decimal 8212)
   defining Unicode char U+2018 (decimal 8216)
   defining Unicode char U+2019 (decimal 8217)
   defining Unicode char U+201C (decimal 8220)
   defining Unicode char U+201D (decimal 8221)
)
Now handling font encoding OMS ...
... processing UTF-8 mapping file for font encoding OMS

(/usr/share/texlive/texmf-dist/tex/latex/base/omsenc.dfu
File: omsenc.dfu 2017/01/28 v1.1t UTF-8 support for inputenc
   defining Unicode char U+00A7 (decimal 167)
   defining Unicode char U+00B6 (decimal 182)
   defining Unicode char U+00B7 (decimal 183)
   defining Unicode char U+2020 (decimal 8224)
   defining Unicode char U+2021 (decimal 8225)
   defining Unicode char U+2022 (decimal 8226)
)
Now handling font encoding OMX ...
... no UTF-8 mapping file for font encoding OMX
Now handling font encoding U ...
... no UTF-8 mapping file for font encoding U
   defining Unicode char U+00A9 (decimal 169)
   defining Unicode char U+00AA (decimal 170)
   defining Unicode char U+00AE (decimal 174)
   defining Unicode char U+00BA (decimal 186)
   defining Unicode char U+02C6 (decimal 710)
   defining Unicode char U+02DC (decimal 732)
   defining Unicode char U+200C (decimal 8204)
   defining Unicode char U+2026 (decimal 8230)
   defining Unicode char U+2122 (decimal 8482)
   defining Unicode char U+2423 (decimal 9251)
))
(/usr/share/texlive/texmf-dist/tex/latex/amsmath/amsmath.sty
Package: amsmath 2016/11/05 v2.16a AMS math features
\@mathmargin=\skip43

For additional information on amsmath, use the `?' option.
(/usr/share/texlive/texmf-dist/tex/latex/amsmath/amstext.sty
Package: amstext 2000/06/29 v2.01 AMS text

(/usr/share/texlive/texmf-dist/tex/latex/amsmath/amsgen.sty
File: amsgen.sty 1999/11/30 v2.0 generic functions
\@emptytoks=\toks16
\ex@=\dimen103
))
(/usr/share/texlive/texmf-dist/tex/latex/amsmath/amsbsy.sty
Package: amsbsy 1999/11/29 v1.2d Bold Symbols
\pmbraise@=\dimen104
)
(/usr/share/texlive/texmf-dist/tex/latex/amsmath/amsopn.sty
Package: amsopn 2016/03/08 v2.02 operator names
)
\inf@bad=\count87
LaTeX Info: Redefining \frac on input line 213.
\uproot@=\count88
\leftroot@=\count89
LaTeX Info: Redefining \overline on input line 375.
\classnum@=\count90
\DOTSCASE@=\count91
LaTeX Info: Redefining \ldots on input line 472.
LaTeX Info: Redefining \dots on input line 475.
LaTeX Info: Redefining \cdots on input line 596.
\Mathstrutbox@=\box26
\strutbox@=\box27
\big@size=\dimen105
LaTeX Font Info:    Redeclaring font encoding OML on input line 712.
LaTeX Font Info:    Redeclaring font encoding OMS on input line 713.
\macc@depth=\count92
\c@MaxMatrixCols=\count93
\dotsspace@=\muskip10
\c@parentequation=\count94
\dspbrk@lvl=\count95
\tag@help=\toks17
\row@=\count96
\column@=\count97
\maxfields@=\count98
\andhelp@=\toks18
\eqnshift@=\dimen106
\alignsep@=\dimen107
\tagshift@=\dimen108
\tagwidth@=\dimen109
\totwidth@=\dimen110
\lineht@=\dimen111
\@envbody=\toks19
\multlinegap=\skip44
\multlinetaggap=\skip45
\mathdisplay@stack=\toks20
LaTeX Info: Redefining \[ on input line 2817.
LaTeX Info: Redefining \] on input line 2818.
)
(/usr/share/texlive/texmf-dist/tex/latex/amsfonts/amsfonts.sty
Package: amsfonts 2013/01/14 v3.01 Basic AMSFonts support
\symAMSa=\mathgroup4
\symAMSb=\mathgroup5
LaTeX Font Info:    Overwriting math alphabet `\mathfrak' in version `bold'
(Font)                  U/euf/m/n --> U/euf/b/n on input line 106.
)
(/usr/share/texlive/texmf-dist/tex/latex/amsfonts/amssymb.sty
Package: amssymb 2013/01/14 v3.01 AMS font symbols
)
(/usr/share/texlive/texmf-dist/tex/latex/graphics/graphicx.sty
Package: graphicx 2014/10/28 v1.0g Enhanced LaTeX Graphics (DPC,SPQR)

(/usr/share/texlive/texmf-dist/tex/latex/graphics/keyval.sty
Package: keyval 2014/10/28 v1.15 key=value parser (DPC)
\KV@toks@=\toks21
)
(/usr/share/texlive/texmf-dist/tex/latex/graphics/graphics.sty
Package: graphics 2016/10/09 v1.0u Standard LaTeX Graphics (DPC,SPQR)

(/usr/share/texlive/texmf-dist/tex/latex/graphics/trig.sty
Package: trig 2016/01/03 v1.10 sin cos tan (DPC)
)
(/usr/share/texlive/texmf-dist/tex/latex/graphics-cfg/graphics.cfg
File: graphics.cfg 2016/06/04 v1.11 sample graphics configuration
)
Package graphics Info: Driver file: pdftex.def on input line 99.

(/usr/share/texlive/texmf-dist/tex/latex/graphics-def/pdftex.def
File: pdftex.def 2017/01/12 v0.06k Graphics/color for pdfTeX

(/usr/share/texlive/texmf-dist/tex/generic/oberdiek/infwarerr.sty
Package: infwarerr 2016/05/16 v1.4 Providing info/warning/error messages (HO)
)
(/usr/share/texlive/texmf-dist/tex/generic/oberdiek/ltxcmds.sty
Package: ltxcmds 2016/05/16 v1.23 LaTeX kernel commands for general use (HO)
)
\Gread@gobject=\count99
))
\Gin@req@height=\dimen112
\Gin@req@width=\dimen113
)
(/usr/share/texlive/texmf-dist/tex/latex/enumitem/enumitem.sty
Package: enumitem 2011/09/28 v3.5.2 Customized lists
\labelindent=\skip46
\enit@outerparindent=\dimen114
\enit@toks=\toks22
\enit@inbox=\box28
\enitdp@description=\count100
)
(/usr/share/texlive/texmf-dist/tex/latex/amscls/amsthm.sty
Package: amsthm 2015/03/04 v2.20.2
\thm@style=\toks23
\thm@bodyfont=\toks24
\thm@headfont=\toks25
\thm@notefont=\toks26
\thm@headpunct=\toks27
\thm@preskip=\skip47
\thm@postskip=\skip48
\thm@headsep=\skip49
\dth@everypar=\toks28
)
(/usr/share/texlive/texmf-dist/tex/latex/xcolor/xcolor.sty
Package: xcolor 2016/05/11 v2.12 LaTeX color extensions (UK)

(/usr/share/texlive/texmf-dist/tex/latex/graphics-cfg/color.cfg
File: color.cfg 2016/01/02 v1.6 sample color configuration
)
Package xcolor Info: Driver file: pdftex.def on input line 225.
Package xcolor Info: Model `cmy' substituted by `cmy0' on input line 1348.
Package xcolor Info: Model `hsb' substituted by `rgb' on input line 1352.
Package xcolor Info: Model `RGB' extended on input line 1364.
Package xcolor Info: Model `HTML' substituted by `rgb' on input line 1366.
Package xcolor Info: Model `Hsb' substituted by `hsb' on input line 1367.
Package xcolor Info: Model `tHsb' substituted by `hsb' on input line 1368.
Package xcolor Info: Model `HSB' substituted by `hsb' on input line 1369.
Package xcolor Info: Model `Gray' substituted by `gray' on input line 1370.
Package xcolor Info: Model `wave' substituted by `hsb' on input line 1371.
)
(/usr/share/texlive/texmf-dist/tex/latex/mdframed/mdframed.sty
Package: mdframed 2013/07/01 1.9b: mdframed

(/usr/share/texlive/texmf-dist/tex/latex/oberdiek/kvoptions.sty
Package: kvoptions 2016/05/16 v3.12 Key value format for package options (HO)

(/usr/share/texlive/texmf-dist/tex/generic/oberdiek/kvsetkeys.sty
Package: kvsetkeys 2016/05/16 v1.17 Key value parser (HO)

(/usr/share/texlive/texmf-dist/tex/generic/oberdiek/etexcmds.sty
Package: etexcmds 2016/05/16 v1.6 Avoid name clashes with e-TeX commands (HO)

(/usr/share/texlive/texmf-dist/tex/generic/oberdiek/ifluatex.sty
Package: ifluatex 2016/05/16 v1.4 Provides the ifluatex switch (HO)
Package ifluatex Info: LuaTeX not detected.
)
Package etexcmds Info: Could not find \expanded.
(etexcmds)             That can mean that you are not using pdfTeX 1.50 or
(etexcmds)             that some package has redefined \expanded.
(etexcmds)             In the latter case, load this package earlier.
)))
(/usr/share/texlive/texmf-dist/tex/latex/l3packages/xparse/xparse.sty
(/usr/share/texlive/texmf-dist/tex/latex/l3kernel/expl3.sty
Package: expl3 2016/11/21 v6760 L3 programming layer (loader) 

(/usr/share/texlive/texmf-dist/tex/latex/l3kernel/expl3-code.tex
Package: expl3 2016/11/21 v6760 L3 programming layer (code)
L3 Module: l3bootstrap 2016/06/13 v6596 L3 Bootstrap code
L3 Module: l3names 2016/10/13 v6722 L3 Namespace for primitives
L3 Module: l3basics 2016/09/01 v6696 L3 Basic definitions
L3 Module: l3expan 2016/08/19 v6684 L3 Argument expansion
L3 Module: l3tl 2016/08/19 v6692 L3 Token lists
L3 Module: l3str 2016/08/19 v6692 L3 Strings
L3 Module: l3seq 2016/08/19 v6685 L3 Sequences and stacks
L3 Module: l3int 2016/09/07 v6700 L3 Integers
\c_max_int=\count101
\l_tmpa_int=\count102
\l_tmpb_int=\count103
\g_tmpa_int=\count104
\g_tmpb_int=\count105
L3 Module: l3quark 2016/08/19 v6685 L3 Quarks
L3 Module: l3prg 2016/08/18 v6679 L3 Control structures
\g__prg_map_int=\count106
L3 Module: l3clist 2016/08/19 v6685 L3 Comma separated lists
L3 Module: l3token 2016/09/01 v6695 L3 Experimental token manipulation
L3 Module: l3prop 2016/08/19 v6685 L3 Property lists
L3 Module: l3msg 2016/08/19 v6691 L3 Messages
L3 Module: l3file 2016/08/19 v6685 L3 File and I/O operations
\l_iow_line_count_int=\count107
\l__iow_target_count_int=\count108
\l__iow_current_line_int=\count109
\l__iow_current_word_int=\count110
\l__iow_current_indentation_int=\count111
L3 Module: l3skip 2016/08/19 v6692 L3 Dimensions and skips
\c_zero_dim=\dimen115
\c_max_dim=\dimen116
\l_tmpa_dim=\dimen117
\l_tmpb_dim=\dimen118
\g_tmpa_dim=\dimen119
\g_tmpb_dim=\dimen120
\c_zero_skip=\skip50
\c_max_skip=\skip51
\l_tmpa_skip=\skip52
\l_tmpb_skip=\skip53
\g_tmpa_skip=\skip54
\g_tmpb_skip=\skip55
\c_zero_muskip=\muskip11
\c_max_muskip=\muskip12
\l_tmpa_muskip=\muskip13
\l_tmpb_muskip=\muskip14
\g_tmpa_muskip=\muskip15
\g_tmpb_muskip=\muskip16
L3 Module: l3keys 2016/09/21 v6711 L3 Key-value interfaces
\l_keys_choice_int=\count112
L3 Module: l3fp 2016/11/21 v6761 L3 Floating points
\c__fp_leading_shift_int=\count113
\c__fp_middle_shift_int=\count114
\c__fp_trailing_shift_int=\count115
\c__fp_big_leading_shift_int=\count116
\c__fp_big_middle_shift_int=\count117
\c__fp_big_trailing_shift_int=\count118
\c__fp_Bigg_leading_shift_int=\count119
\c__fp_Bigg_middle_shift_int=\count120
\c__fp_Bigg_trailing_shift_int=\count121
L3 Module: l3box 2016/08/19 v6685 L3 Experimental boxes
\c_empty_box=\box29
\l_tmpa_box=\box30
\l_tmpb_box=\box31
\g_tmpa_box=\box32
\g_tmpb_box=\box33
L3 Module: l3coffins 2016/08/19 v6685 L3 Coffin code layer
\l__coffin_internal_box=\box34
\l__coffin_internal_dim=\dimen121
\l__coffin_offset_x_dim=\dimen122
\l__coffin_offset_y_dim=\dimen123
\l__coffin_x_dim=\dimen124
\l__coffin_y_dim=\dimen125
\l__coffin_x_prime_dim=\dimen126
\l__coffin_y_prime_dim=\dimen127
\c_empty_coffin=\box35
\l__coffin_aligned_coffin=\box36
\l__coffin_aligned_internal_coffin=\box37
\l_tmpa_coffin=\box38
\l_tmpb_coffin=\box39
\l__coffin_display_coffin=\box40
\l__coffin_display_coord_coffin=\box41
\l__coffin_display_pole_coffin=\box42
\l__coffin_display_offset_dim=\dimen128
\l__coffin_display_x_dim=\dimen129
\l__coffin_display_y_dim=\dimen130
L3 Module: l3color 2016/06/13 v6596 L3 Experimental color support
L3 Module: l3sys 2015/09/25 v6087 L3 Experimental system/runtime functions
L3 Module: l3candidates 2016/08/19 v6688 L3 Experimental additions to l3kernel
\l__box_top_dim=\dimen131
\l__box_bottom_dim=\dimen132
\l__box_left_dim=\dimen133
\l__box_right_dim=\dimen134
\l__box_top_new_dim=\dimen135
\l__box_bottom_new_dim=\dimen136
\l__box_left_new_dim=\dimen137
\l__box_right_new_dim=\dimen138
\l__box_internal_box=\box43
\l__coffin_bounding_shift_dim=\dimen139
\l__coffin_left_corner_dim=\dimen140
\l__coffin_right_corner_dim=\dimen141
\l__coffin_bottom_corner_dim=\dimen142
\l__coffin_top_corner_dim=\dimen143
\l__coffin_scaled_total_height_dim=\dimen144
\l__coffin_scaled_width_dim=\dimen145
L3 Module: l3luatex 2016/08/18 v6679 L3 Experimental LuaTeX-specific functions
)
(/usr/share/texlive/texmf-dist/tex/latex/l3kernel/l3pdfmode.def
File: l3pdfmode.def 2016/08/18 v6679 L3 Experimental driver: PDF mode
\l__driver_color_stack_int=\count122
\l__driver_tmp_box=\box44
))
Package: xparse 2016/11/21 v6760 L3 Experimental document command parser
\l__xparse_current_arg_int=\count123
\l__xparse_m_args_int=\count124
\l__xparse_mandatory_args_int=\count125
\l__xparse_processor_int=\count126
\l__xparse_v_nesting_int=\count127
)
(/usr/share/texlive/texmf-dist/tex/latex/etoolbox/etoolbox.sty
Package: etoolbox 2017/01/02 v2.4 e-TeX tools for LaTeX (JAW)
\etb@tempcnta=\count128
)
(/usr/share/texlive/texmf-dist/tex/latex/oberdiek/zref-abspage.sty
Package: zref-abspage 2016/05/21 v2.26 Module abspage for zref (HO)

(/usr/share/texlive/texmf-dist/tex/latex/oberdiek/zref-base.sty
Package: zref-base 2016/05/21 v2.26 Module base for zref (HO)

(/usr/share/texlive/texmf-dist/tex/generic/oberdiek/kvdefinekeys.sty
Package: kvdefinekeys 2016/05/16 v1.4 Define keys (HO)
)
(/usr/share/texlive/texmf-dist/tex/generic/oberdiek/pdftexcmds.sty
Package: pdftexcmds 2016/05/21 v0.22 Utility functions of pdfTeX for LuaTeX (HO
)

(/usr/share/texlive/texmf-dist/tex/generic/oberdiek/ifpdf.sty
Package: ifpdf 2016/05/14 v3.1 Provides the ifpdf switch
)
Package pdftexcmds Info: LuaTeX not detected.
Package pdftexcmds Info: \pdf@primitive is available.
Package pdftexcmds Info: \pdf@ifprimitive is available.
Package pdftexcmds Info: \pdfdraftmode found.
)
(/usr/share/texlive/texmf-dist/tex/latex/oberdiek/auxhook.sty
Package: auxhook 2016/05/16 v1.4 Hooks for auxiliary files (HO)
)
Package zref Info: New property list: main on input line 759.
Package zref Info: New property: default on input line 760.
Package zref Info: New property: page on input line 761.
)
(/usr/share/texlive/texmf-dist/tex/generic/oberdiek/atbegshi.sty
Package: atbegshi 2016/06/09 v1.18 At begin shipout hook (HO)
)
\c@abspage=\count129
Package zref Info: New property: abspage on input line 62.
)
(/usr/share/texlive/texmf-dist/tex/latex/needspace/needspace.sty
Package: needspace 2010/09/12 v1.3d reserve vertical space
)
\mdf@templength=\skip56
\c@mdf@globalstyle@cnt=\count130
\mdf@skipabove@length=\skip57
\mdf@skipbelow@length=\skip58
\mdf@leftmargin@length=\skip59
\mdf@rightmargin@length=\skip60
\mdf@innerleftmargin@length=\skip61
\mdf@innerrightmargin@length=\skip62
\mdf@innertopmargin@length=\skip63
\mdf@innerbottommargin@length=\skip64
\mdf@splittopskip@length=\skip65
\mdf@splitbottomskip@length=\skip66
\mdf@outermargin@length=\skip67
\mdf@innermargin@length=\skip68
\mdf@linewidth@length=\skip69
\mdf@innerlinewidth@length=\skip70
\mdf@middlelinewidth@length=\skip71
\mdf@outerlinewidth@length=\skip72
\mdf@roundcorner@length=\skip73
\mdf@footenotedistance@length=\skip74
\mdf@userdefinedwidth@length=\skip75
\mdf@needspace@length=\skip76
\mdf@frametitleaboveskip@length=\skip77
\mdf@frametitlebelowskip@length=\skip78
\mdf@frametitlerulewidth@length=\skip79
\mdf@frametitleleftmargin@length=\skip80
\mdf@frametitlerightmargin@length=\skip81
\mdf@shadowsize@length=\skip82
\mdf@extratopheight@length=\skip83
\mdf@subtitleabovelinewidth@length=\skip84
\mdf@subtitlebelowlinewidth@length=\skip85
\mdf@subtitleaboveskip@length=\skip86
\mdf@subtitlebelowskip@length=\skip87
\mdf@subtitleinneraboveskip@length=\skip88
\mdf@subtitleinnerbelowskip@length=\skip89
\mdf@subsubtitleabovelinewidth@length=\skip90
\mdf@subsubtitlebelowlinewidth@length=\skip91
\mdf@subsubtitleaboveskip@length=\skip92
\mdf@subsubtitlebelowskip@length=\skip93
\mdf@subsubtitleinneraboveskip@length=\skip94
\mdf@subsubtitleinnerbelowskip@length=\skip95

(/usr/share/texlive/texmf-dist/tex/latex/mdframed/md-frame-0.mdf
File: md-frame-0.mdf 2013/07/01\ 1.9b: md-frame-0
)
\mdf@frametitlebox=\box45
\mdf@footnotebox=\box46
\mdf@splitbox@one=\box47
\mdf@splitbox@two=\box48
\mdf@splitbox@save=\box49
\mdfsplitboxwidth=\skip96
\mdfsplitboxtotalwidth=\skip97
\mdfsplitboxheight=\skip98
\mdfsplitboxdepth=\skip99
\mdfsplitboxtotalheight=\skip100
\mdfframetitleboxwidth=\skip101
\mdfframetitleboxtotalwidth=\skip102
\mdfframetitleboxheight=\skip103
\mdfframetitleboxdepth=\skip104
\mdfframetitleboxtotalheight=\skip105
\mdffootnoteboxwidth=\skip106
\mdffootnoteboxtotalwidth=\skip107
\mdffootnoteboxheight=\skip108
\mdffootnoteboxdepth=\skip109
\mdffootnoteboxtotalheight=\skip110
\mdftotallinewidth=\skip111
\mdfboundingboxwidth=\skip112
\mdfboundingboxtotalwidth=\skip113
\mdfboundingboxheight=\skip114
\mdfboundingboxdepth=\skip115
\mdfboundingboxtotalheight=\skip116
\mdf@freevspace@length=\skip117
\mdf@horizontalwidthofbox@length=\skip118
\mdf@verticalmarginwhole@length=\skip119
\mdf@horizontalspaceofbox=\skip120
\mdfsubtitleheight=\skip121
\mdfsubsubtitleheight=\skip122
\c@mdfcountframes=\count131

****** mdframed patching \endmdf@trivlist

****** -- success******

.................................................
. LaTeX info: "xparse/define-command"
. 
. Defining command \newmdtheoremenv with sig. 'O{} m o m o ' on line 601.
.................................................
.................................................
. LaTeX info: "xparse/define-command"
. 
. Defining command \mdtheorem with sig. ' O{} m o m o ' on line 701.
.................................................
\mdf@envdepth=\count132
\c@mdf@env@i=\count133
\c@mdf@env@ii=\count134
\c@mdf@zref@counter=\count135
Package zref Info: New property: mdf@pagevalue on input line 895.
)
(/usr/share/texlive/texmf-dist/tex/latex/oberdiek/centernot.sty
Package: centernot 2016/05/16 v1.4 Centers the not symbol horizontally (HO)
)
(/usr/share/texlive/texmf-dist/tex/latex/subfiles/subfiles.sty
Package: subfiles 2012/05/23 Federico Garcia

(/usr/share/texlive/texmf-dist/tex/latex/tools/verbatim.sty
Package: verbatim 2014/10/28 v1.5q LaTeX2e package for verbatim enhancements
\every@verbatim=\toks29
\verbatim@line=\toks30
\verbatim@in@stream=\read1
))
(/usr/share/texlive/texmf-dist/tex/latex/geometry/geometry.sty
Package: geometry 2010/09/12 v5.6 Page Geometry

(/usr/share/texlive/texmf-dist/tex/generic/oberdiek/ifvtex.sty
Package: ifvtex 2016/05/16 v1.6 Detect VTeX and its facilities (HO)
Package ifvtex Info: VTeX not detected.
)
(/usr/share/texlive/texmf-dist/tex/generic/ifxetex/ifxetex.sty
Package: ifxetex 2010/09/12 v0.6 Provides ifxetex conditional
)
\Gm@cnth=\count136
\Gm@cntv=\count137
\c@Gm@tempcnt=\count138
\Gm@bindingoffset=\dimen146
\Gm@wd@mp=\dimen147
\Gm@odd@mp=\dimen148
\Gm@even@mp=\dimen149
\Gm@layoutwidth=\dimen150
\Gm@layoutheight=\dimen151
\Gm@layouthoffset=\dimen152
\Gm@layoutvoffset=\dimen153
\Gm@dimlist=\toks31
)
(/usr/share/texlive/texmf-dist/tex/latex/fancyhdr/fancyhdr.sty
Package: fancyhdr 2016/09/06 3.8 Extensive control of page headers and footers
\fancy@headwidth=\skip123
\f@ncyO@elh=\skip124
\f@ncyO@erh=\skip125
\f@ncyO@olh=\skip126
\f@ncyO@orh=\skip127
\f@ncyO@elf=\skip128
\f@ncyO@erf=\skip129
\f@ncyO@olf=\skip130
\f@ncyO@orf=\skip131
)
\c@lem=\count139
\c@thm=\count140
\c@prop=\count141
\c@cor=\count142
\c@defn=\count143
\c@exe=\count144
\c@exmp=\count145
\c@rem=\count146

(/usr/share/texlive/texmf-dist/tex/latex/hyperref/hyperref.sty
Package: hyperref 2016/06/24 v6.83q Hypertext links for LaTeX

(/usr/share/texlive/texmf-dist/tex/generic/oberdiek/hobsub-hyperref.sty
Package: hobsub-hyperref 2016/05/16 v1.14 Bundle oberdiek, subset hyperref (HO)


(/usr/share/texlive/texmf-dist/tex/generic/oberdiek/hobsub-generic.sty
Package: hobsub-generic 2016/05/16 v1.14 Bundle oberdiek, subset generic (HO)
Package: hobsub 2016/05/16 v1.14 Construct package bundles (HO)
Package hobsub Info: Skipping package `infwarerr' (already loaded).
Package hobsub Info: Skipping package `ltxcmds' (already loaded).
Package hobsub Info: Skipping package `ifluatex' (already loaded).
Package hobsub Info: Skipping package `ifvtex' (already loaded).
Package: intcalc 2016/05/16 v1.2 Expandable calculations with integers (HO)
Package hobsub Info: Skipping package `ifpdf' (already loaded).
Package hobsub Info: Skipping package `etexcmds' (already loaded).
Package hobsub Info: Skipping package `kvsetkeys' (already loaded).
Package hobsub Info: Skipping package `kvdefinekeys' (already loaded).
Package hobsub Info: Skipping package `pdftexcmds' (already loaded).
Package: pdfescape 2016/05/16 v1.14 Implements pdfTeX's escape features (HO)
Package: bigintcalc 2016/05/16 v1.4 Expandable calculations on big integers (HO
)
Package: bitset 2016/05/16 v1.2 Handle bit-vector datatype (HO)
Package: uniquecounter 2016/05/16 v1.3 Provide unlimited unique counter (HO)
)
Package hobsub Info: Skipping package `hobsub' (already loaded).
Package: letltxmacro 2016/05/16 v1.5 Let assignment for LaTeX macros (HO)
Package: hopatch 2016/05/16 v1.3 Wrapper for package hooks (HO)
Package: xcolor-patch 2016/05/16 xcolor patch
Package: atveryend 2016/05/16 v1.9 Hooks at the very end of document (HO)
Package hobsub Info: Skipping package `atbegshi' (already loaded).
Package: refcount 2016/05/16 v3.5 Data extraction from label references (HO)
Package: hycolor 2016/05/16 v1.8 Color options for hyperref/bookmark (HO)
)
\@linkdim=\dimen154
\Hy@linkcounter=\count147
\Hy@pagecounter=\count148

(/usr/share/texlive/texmf-dist/tex/latex/hyperref/pd1enc.def
File: pd1enc.def 2016/06/24 v6.83q Hyperref: PDFDocEncoding definition (HO)
Now handling font encoding PD1 ...
... no UTF-8 mapping file for font encoding PD1
)
\Hy@SavedSpaceFactor=\count149

(/usr/share/texlive/texmf-dist/tex/latex/latexconfig/hyperref.cfg
File: hyperref.cfg 2002/06/06 v1.2 hyperref configuration of TeXLive
)
Package hyperref Info: Hyper figures OFF on input line 4486.
Package hyperref Info: Link nesting OFF on input line 4491.
Package hyperref Info: Hyper index ON on input line 4494.
Package hyperref Info: Plain pages OFF on input line 4501.
Package hyperref Info: Backreferencing OFF on input line 4506.
Package hyperref Info: Implicit mode ON; LaTeX internals redefined.
Package hyperref Info: Bookmarks ON on input line 4735.
\c@Hy@tempcnt=\count150

(/usr/share/texlive/texmf-dist/tex/latex/url/url.sty
\Urlmuskip=\muskip17
Package: url 2013/09/16  ver 3.4  Verb mode for urls, etc.
)
LaTeX Info: Redefining \url on input line 5088.
\XeTeXLinkMargin=\dimen155
\Fld@menulength=\count151
\Field@Width=\dimen156
\Fld@charsize=\dimen157
Package hyperref Info: Hyper figures OFF on input line 6342.
Package hyperref Info: Link nesting OFF on input line 6347.
Package hyperref Info: Hyper index ON on input line 6350.
Package hyperref Info: backreferencing OFF on input line 6357.
Package hyperref Info: Link coloring OFF on input line 6362.
Package hyperref Info: Link coloring with OCG OFF on input line 6367.
Package hyperref Info: PDF/A mode OFF on input line 6372.
LaTeX Info: Redefining \ref on input line 6412.
LaTeX Info: Redefining \pageref on input line 6416.
\Hy@abspage=\count152
\c@Item=\count153
\c@Hfootnote=\count154
)

Package hyperref Message: Driver (autodetected): hpdftex.

(/usr/share/texlive/texmf-dist/tex/latex/hyperref/hpdftex.def
File: hpdftex.def 2016/06/24 v6.83q Hyperref driver for pdfTeX
\HyAnn@Count=\count155
\Fld@listcount=\count156
\c@bookmark@seq@number=\count157

(/usr/share/texlive/texmf-dist/tex/latex/oberdiek/rerunfilecheck.sty
Package: rerunfilecheck 2016/05/16 v1.8 Rerun checks for auxiliary files (HO)
Package uniquecounter Info: New unique counter `rerunfilecheck' on input line 2
82.
)
\Hy@SectionHShift=\skip132
)
Package hyperref Info: Option `colorlinks' set `false' on input line 41.

(./mathfin.aux)
\openout1 = `mathfin.aux'.

LaTeX Font Info:    Checking defaults for OML/cmm/m/it on input line 58.
LaTeX Font Info:    ... okay on input line 58.
LaTeX Font Info:    Checking defaults for T1/cmr/m/n on input line 58.
LaTeX Font Info:    ... okay on input line 58.
LaTeX Font Info:    Checking defaults for OT1/cmr/m/n on input line 58.
LaTeX Font Info:    ... okay on input line 58.
LaTeX Font Info:    Checking defaults for OMS/cmsy/m/n on input line 58.
LaTeX Font Info:    ... okay on input line 58.
LaTeX Font Info:    Checking defaults for OMX/cmex/m/n on input line 58.
LaTeX Font Info:    ... okay on input line 58.
LaTeX Font Info:    Checking defaults for U/cmr/m/n on input line 58.
LaTeX Font Info:    ... okay on input line 58.
LaTeX Font Info:    Checking defaults for PD1/pdf/m/n on input line 58.
LaTeX Font Info:    ... okay on input line 58.

(/usr/share/texlive/texmf-dist/tex/context/base/mkii/supp-pdf.mkii
[Loading MPS to PDF converter (version 2006.09.02).]
\scratchcounter=\count158
\scratchdimen=\dimen158
\scratchbox=\box50
\nofMPsegments=\count159
\nofMParguments=\count160
\everyMPshowfont=\toks32
\MPscratchCnt=\count161
\MPscratchDim=\dimen159
\MPnumerator=\count162
\makeMPintoPDFobject=\count163
\everyMPtoPDFconversion=\toks33
) (/usr/share/texlive/texmf-dist/tex/latex/oberdiek/epstopdf-base.sty
Package: epstopdf-base 2016/05/15 v2.6 Base part for package epstopdf

(/usr/share/texlive/texmf-dist/tex/latex/oberdiek/grfext.sty
Package: grfext 2016/05/16 v1.2 Manage graphics extensions (HO)
)
Package epstopdf-base Info: Redefining graphics rule for `.eps' on input line 4
38.
Package grfext Info: Graphics extension search list:
(grfext)             [.png,.pdf,.jpg,.mps,.jpeg,.jbig2,.jb2,.PNG,.PDF,.JPG,.JPE
G,.JBIG2,.JB2,.eps]
(grfext)             \AppendGraphicsExtensions on input line 456.

(/usr/share/texlive/texmf-dist/tex/latex/latexconfig/epstopdf-sys.cfg
File: epstopdf-sys.cfg 2010/07/13 v1.3 Configuration of (r)epstopdf for TeX Liv
e
))
\AtBeginShipoutBox=\box51

*geometry* driver: auto-detecting
*geometry* detected driver: pdftex
*geometry* verbose mode - [ preamble ] result:
* driver: pdftex
* paper: a4paper
* layout: <same size as paper>
* layoutoffset:(h,v)=(0.0pt,0.0pt)
* hratio: 1:1
* vratio: 1:1
* modes: twoside 
* h-part:(L,W,R)=(89.62709pt, 418.25368pt, 89.6271pt)
* v-part:(T,H,B)=(126.75832pt, 591.5302pt, 126.75833pt)
* \paperwidth=597.50787pt
* \paperheight=845.04684pt
* \textwidth=418.25368pt
* \textheight=591.5302pt
* \oddsidemargin=17.3571pt
* \evensidemargin=17.35712pt
* \topmargin=17.48833pt
* \headheight=12.0pt
* \headsep=25.0pt
* \topskip=12.0pt
* \footskip=30.0pt
* \marginparwidth=85.0pt
* \marginparsep=10.0pt
* \columnsep=10.0pt
* \skip\footins=10.8pt plus 4.0pt minus 2.0pt
* \hoffset=0.0pt
* \voffset=0.0pt
* \mag=1000
* \@twocolumnfalse
* \@twosidetrue
* \@mparswitchtrue
* \@reversemarginfalse
* (1in=72.27pt=25.4mm, 1cm=28.453pt)

Package hyperref Info: Link coloring OFF on input line 58.
(/usr/share/texlive/texmf-dist/tex/latex/hyperref/nameref.sty
Package: nameref 2016/05/21 v2.44 Cross-referencing by name of section

(/usr/share/texlive/texmf-dist/tex/generic/oberdiek/gettitlestring.sty
Package: gettitlestring 2016/05/16 v1.5 Cleanup title references (HO)
)
\c@section@level=\count164
)
LaTeX Info: Redefining \ref on input line 58.
LaTeX Info: Redefining \pageref on input line 58.
LaTeX Info: Redefining \nameref on input line 58.

(./mathfin.out) (./mathfin.out)
\@outlinefile=\write3
\openout3 = `mathfin.out'.

Package mdframed Info: mdframed works in twoside mode on input line 67.
Package mdframed Info: mdframed detected package amsthm 
 changed the theorem header of amsthm
(mdframed)              on input line 67.
LaTeX Font Info:    Try loading font information for U+msa on input line 68.

(/usr/share/texlive/texmf-dist/tex/latex/amsfonts/umsa.fd
File: umsa.fd 2013/01/14 v3.01 AMS symbols A
)
LaTeX Font Info:    Try loading font information for U+msb on input line 68.

(/usr/share/texlive/texmf-dist/tex/latex/amsfonts/umsb.fd
File: umsb.fd 2013/01/14 v3.01 AMS symbols B
) [1

{/var/lib/texmf/fonts/map/pdftex/updmap/pdftex.map}] (./mathfin.toc

Package Fancyhdr Warning: \headheight is too small (12.0pt): 
 Make it at least 14.49998pt.
 We now make it that large for the rest of the document.
 This may cause the page layout to be inconsistent, however.

[2])
\tf@toc=\write4
\openout4 = `mathfin.toc'.

 [3]
Overfull \hbox (2.21559pt too wide) in paragraph at lines 95--96
[][]\OT1/cmr/bx/n/12 Definition 1.2. []\OT1/cmr/m/it/12 Given a fil-tered prob-
a-bil-ity space $\OT1/cmr/m/n/12 (
\OML/cmm/m/it/12 ; \OMS/cmsy/m/n/12 F\OML/cmm/m/it/12 ; \OT1/cmr/m/n/12 (\OMS/c
msy/m/n/12 F[]\OT1/cmr/m/n/12 )[]\OML/cmm/m/it/12 ; \U/msb/m/n/12 P\OT1/cmr/m/n
/12 )$\OT1/cmr/m/it/12 , the pre-dictable
 []

LaTeX Font Info:    Try loading font information for OMS+cmr on input line 99.
(/usr/share/texlive/texmf-dist/tex/latex/base/omscmr.fd
File: omscmr.fd 2014/09/29 v2.5h Standard LaTeX font definitions
)
LaTeX Font Info:    Font shape `OMS/cmr/m/it' in size <12> not available
(Font)              Font shape `OMS/cmsy/m/n' tried instead on input line 99.

Underfull \hbox (badness 10000) in paragraph at lines 103--112

 []


Underfull \hbox (badness 10000) in paragraph at lines 103--112

 []


Underfull \hbox (badness 10000) in paragraph at lines 103--112

 []


Underfull \hbox (badness 10000) in paragraph at lines 103--112

 []

[4] [5]
Underfull \hbox (badness 10000) in paragraph at lines 140--145

 []


Overfull \hbox (3.69894pt too wide) in paragraph at lines 140--145
\OT1/cmr/m/n/12 A \OT1/cmr/bx/n/12 trad-ing strat-egy \OT1/cmr/m/n/12 (or \OT1/
cmr/bx/n/12 dy-namic port-fo-lio\OT1/cmr/m/n/12 ) is a stochas-tic pro-cess $\O
ML/cmm/m/it/12 ' \OT1/cmr/m/n/12 = (\OML/cmm/m/it/12 '[]\OT1/cmr/m/n/12 )[]$,
 []


Underfull \hbox (badness 10000) in paragraph at lines 140--145

 []

[6]
Underfull \hbox (badness 10000) in paragraph at lines 178--181

 []

[7]
Overfull \hbox (21.74173pt too wide) in paragraph at lines 198--199
\OT1/cmr/m/it/12 gies $\OML/cmm/m/it/12 ' \OT1/cmr/m/n/12 = (\OML/cmm/m/it/12 '
[]; #\OT1/cmr/m/n/12 )$ \OT1/cmr/m/it/12 and pairs $\OT1/cmr/m/n/12 (\OML/cmm/m
/it/12 v[]; #\OT1/cmr/m/n/12 ) \OMS/cmsy/m/n/12 2 \OML/cmm/m/it/12 L[]\OT1/cmr/
m/n/12 (\OMS/cmsy/m/n/12 F[]\OT1/cmr/m/n/12 ) \OMS/cmsy/m/n/12 ^^B f[]g$\OT1/cm
r/m/it/12 .
 []


Overfull \hbox (0.63817pt too wide) in paragraph at lines 224--226
\OT1/cmr/m/n/12 and thus pre-dictable, $\OML/cmm/m/it/12 #[]$ \OT1/cmr/m/n/12 i
s pre-dictable by as-sump-tion, $\OML/cmm/m/it/12 S[]$ \OT1/cmr/m/n/12 is LC an
d adopted,
 []

[8]
LaTeX Font Info:    Font shape `OMS/cmr/m/n' in size <12> not available
(Font)              Font shape `OMS/cmsy/m/n' tried instead on input line 243.
 [9]
Overfull \hbox (41.58498pt too wide) in paragraph at lines 252--253
[]\OT1/cmr/m/n/12 Prices for buy-ing and sell-ing are both given by $\OML/cmm/m
/it/12 S$\OT1/cmr/m/n/12 : no \OT1/cmr/bx/n/12 trans-ac-tion costs\OT1/cmr/m/n/
12 /\OT1/cmr/bx/n/12 frictionless
 []

[10]
Underfull \hbox (badness 10000) in paragraph at lines 287--292

 []


Overfull \hbox (2.37355pt too wide) in paragraph at lines 292--293
[]\OT1/cmr/bx/n/12 Arbitrage the-ory\OT1/cmr/m/n/12 : give pre-cise math-e-mat-
i-cal de-scrip-tion of idea that money
 []

[11]
Underfull \hbox (badness 10000) in paragraph at lines 298--303

 []


Underfull \hbox (badness 10000) in paragraph at lines 298--303

 []

[12] [13]
Package mdframed Info: mdframed works in twoside mode on input line 351.
Package mdframed Info: mdframed detected package amsthm 
 changed the theorem header of amsthm
(mdframed)              on input line 351.

Underfull \hbox (badness 10000) in paragraph at lines 351--355

 []


Underfull \hbox (badness 10000) in paragraph at lines 371--376

 []


Underfull \hbox (badness 10000) in paragraph at lines 371--376

 []


Overfull \hbox (0.52254pt too wide) in paragraph at lines 371--376
\OT1/cmr/m/n/12 From stochas-tic cal-cu-lus, if $\OML/cmm/m/it/12 S$ \OT1/cmr/m
/n/12 is a semi-martin-gale and $\OML/cmm/m/it/12 #$ \OT1/cmr/m/n/12 is pre-dic
table, $\OML/cmm/m/it/12 S$\OT1/cmr/m/n/12 -integrable,
 []

[14]
Underfull \hbox (badness 10000) in paragraph at lines 377--380

 []


Underfull \hbox (badness 10000) in paragraph at lines 398--401

 []

[15]
Underfull \hbox (badness 10000) in paragraph at lines 405--409

 []


Underfull \hbox (badness 10000) in paragraph at lines 419--423

 []


Underfull \hbox (badness 10000) in paragraph at lines 425--429

 []


Underfull \hbox (badness 10000) in paragraph at lines 431--435

 []

[16]
Underfull \hbox (badness 10000) in paragraph at lines 455--463

 []


Underfull \hbox (badness 10000) in paragraph at lines 455--463

 []


Underfull \hbox (badness 10000) in paragraph at lines 455--463

 []

[17]
Underfull \hbox (badness 10000) in paragraph at lines 476--480

 []


Underfull \hbox (badness 10000) in paragraph at lines 482--486

 []


Overfull \hbox (4.15385pt too wide) in paragraph at lines 486--487
[][]\OT1/cmr/bx/n/12 Remark 2.6. []\OT1/cmr/m/n/12 De-tails for coun-terex-am-p
les can be found in Dal-baen/Schachenmayer
 []

[18]
Underfull \hbox (badness 10000) in paragraph at lines 490--496

 []


Underfull \hbox (badness 10000) in paragraph at lines 490--496

 []

[19]
Underfull \hbox (badness 10000) in paragraph at lines 528--532

 []

[20]
Underfull \hbox (badness 10000) in paragraph at lines 538--543

 []


Underfull \hbox (badness 10000) in paragraph at lines 538--543

 []

[21]
Underfull \hbox (badness 10000) in paragraph at lines 565--568

 []

[22]
Underfull \hbox (badness 10000) in paragraph at lines 588--591

 []


Overfull \hbox (8.78911pt too wide) in paragraph at lines 600--601
[]\OT1/cmr/m/n/12 Obvious ex-am-ples of quasi-martin-gales are: mar-tin-gales, 
su-per/submartingales,
 []

[23]
Underfull \hbox (badness 10000) in paragraph at lines 635--640

 []


Underfull \hbox (badness 10000) in paragraph at lines 644--649

 []

[24]
Overfull \hbox (36.19762pt too wide) in paragraph at lines 667--667
[] 
 []


Underfull \hbox (badness 10000) in paragraph at lines 675--681

 []


Underfull \hbox (badness 10000) in paragraph at lines 675--681

 []

[25]
Underfull \hbox (badness 10000) in paragraph at lines 686--689

 []


Underfull \hbox (badness 10000) in paragraph at lines 695--699

 []

[26]
Underfull \hbox (badness 10000) in paragraph at lines 726--730

 []

[27]
Underfull \hbox (badness 10000) in paragraph at lines 736--739

 []


Underfull \hbox (badness 10000) in paragraph at lines 741--746

 []


Underfull \hbox (badness 10000) in paragraph at lines 749--755

 []


Underfull \hbox (badness 10000) in paragraph at lines 749--755

 []

[28]
Underfull \hbox (badness 10000) in paragraph at lines 774--778

 []

[29]
Underfull \hbox (badness 10000) in paragraph at lines 787--790

 []


Underfull \hbox (badness 10000) in paragraph at lines 792--796

 []


Underfull \hbox (badness 10000) in paragraph at lines 806--810

 []

[30]
Underfull \hbox (badness 10000) in paragraph at lines 823--827

 []


Underfull \hbox (badness 10000) in paragraph at lines 833--837

 []

[31]
Underfull \hbox (badness 10000) in paragraph at lines 852--855

 []


Underfull \hbox (badness 10000) in paragraph at lines 868--872

 []

[32] [33] [34] [35]
Underfull \hbox (badness 10000) in paragraph at lines 956--963

 []


Underfull \hbox (badness 10000) in paragraph at lines 956--963

 []

[36] [37]
Underfull \hbox (badness 10000) in paragraph at lines 1031--1036

 []


Underfull \hbox (badness 10000) in paragraph at lines 1031--1036

 []

[38]
Underfull \hbox (badness 10000) in paragraph at lines 1063--1066

 []

[39]
Underfull \hbox (badness 10000) in paragraph at lines 1084--1089

 []


Underfull \hbox (badness 10000) in paragraph at lines 1084--1089

 []

[40]
Underfull \hbox (badness 10000) in paragraph at lines 1108--1111

 []

[41]
Underfull \hbox (badness 10000) in paragraph at lines 1156--1164

 []

[42]
Underfull \hbox (badness 10000) in paragraph at lines 1176--1179

 []

<conv.pdf, id=545, 195.73125pt x 100.375pt>
File: conv.pdf Graphic file (type pdf)
 <use conv.pdf>
Package pdftex.def Info: conv.pdf used on input line 1189.
(pdftex.def)             Requested size: 234.87631pt x 120.44937pt.
 [43 <./conv.pdf>]
Overfull \hbox (20.50745pt too wide) in paragraph at lines 1210--1211
[]\OT1/cmr/m/n/12 If $\OML/cmm/m/it/12 A$ \OT1/cmr/m/n/12 is of FV, say $\OMS/c
msy/m/n/12 j\OML/cmm/m/it/12 A\OMS/cmsy/m/n/12 j$\OT1/cmr/m/n/12 , de-fine L$[]
(\OML/cmm/m/it/12 A\OT1/cmr/m/n/12 )$ as space of pre-dictable $\OML/cmm/m/it/1
2 H$ \OT1/cmr/m/n/12 with $[][] \OMS/cmsy/m/n/12 j\OML/cmm/m/it/12 H[]\OMS/cmsy
/m/n/12 j\OML/cmm/m/it/12 d\OMS/cmsy/m/n/12 j\OML/cmm/m/it/12 A\OMS/cmsy/m/n/12
 j[] \OML/cmm/m/it/12 <
 []


Underfull \hbox (badness 10000) in paragraph at lines 1219--1225

 []


Underfull \hbox (badness 10000) in paragraph at lines 1219--1225

 []

[44] [45]
Underfull \hbox (badness 10000) in paragraph at lines 1267--1270

 []


Underfull \hbox (badness 10000) in paragraph at lines 1275--1278

 []


Underfull \hbox (badness 10000) in paragraph at lines 1280--1283

 []

[46]
Underfull \hbox (badness 10000) in paragraph at lines 1294--1301

 []


Underfull \hbox (badness 10000) in paragraph at lines 1294--1301

 []

[47]
Overfull \hbox (0.46605pt too wide) in paragraph at lines 1333--1334
[][]\OT1/cmr/bx/n/12 Definition 4.4. []\OT1/cmr/m/it/12 Fix a semi-martin-gale 
$\OML/cmm/m/it/12 S$\OT1/cmr/m/it/12 . A pre-dictable pro-cess $\OML/cmm/m/it/1
2 H$ \OT1/cmr/m/it/12 is $\OML/cmm/m/it/12 S$\OT1/cmr/bx/it/12 -integrable\OT1/
cmr/m/it/12 ,
 []

[48]
Underfull \hbox (badness 10000) in paragraph at lines 1361--1365

 []


Underfull \hbox (badness 10000) in paragraph at lines 1370--1373

 []

[49]
Overfull \hbox (17.79816pt too wide) in paragraph at lines 1407--1407
[] 
 []

[50]
Underfull \hbox (badness 10000) in paragraph at lines 1409--1412

 []


Underfull \hbox (badness 10000) in paragraph at lines 1414--1419

 []

[51]
Underfull \hbox (badness 10000) in paragraph at lines 1435--1444

 []


Underfull \hbox (badness 10000) in paragraph at lines 1435--1444

 []


Underfull \hbox (badness 10000) in paragraph at lines 1435--1444

 []


Underfull \hbox (badness 10000) in paragraph at lines 1435--1444

 []

[52]
Underfull \hbox (badness 10000) in paragraph at lines 1462--1468

 []


Underfull \hbox (badness 10000) in paragraph at lines 1462--1468

 []

[53]
Underfull \hbox (badness 10000) in paragraph at lines 1479--1487

 []


Underfull \hbox (badness 10000) in paragraph at lines 1479--1487

 []


Underfull \hbox (badness 10000) in paragraph at lines 1479--1487

 []

[54]
Underfull \hbox (badness 10000) in paragraph at lines 1495--1498

 []


Underfull \hbox (badness 10000) in paragraph at lines 1500--1504

 []

[55]
Overfull \hbox (28.28209pt too wide) in paragraph at lines 1505--1505
[]\OT1/cmr/bx/n/17.28 The fun-da-men-tal the-o-rem of as-set pric-ing (FTAP) 
 []


Underfull \hbox (badness 10000) in paragraph at lines 1506--1511

 []


Underfull \hbox (badness 10000) in paragraph at lines 1506--1511

 []


Underfull \hbox (badness 10000) in paragraph at lines 1514--1521

 []


Underfull \hbox (badness 10000) in paragraph at lines 1514--1521

 []

[56]
Overfull \hbox (16.60178pt too wide) in paragraph at lines 1531--1534
[]\OT1/cmr/bx/n/12 Idea\OT1/cmr/m/n/12 : Con-struct a good se-quence $(\OML/cmm
/m/it/12 ^^[[]\OT1/cmr/m/n/12 )[]$ of stop-ping times, then $\OML/cmm/m/it/12 M
[] []
 []


Underfull \hbox (badness 10000) in paragraph at lines 1531--1534

 []


Underfull \hbox (badness 10000) in paragraph at lines 1540--1546

 []


Underfull \hbox (badness 10000) in paragraph at lines 1540--1546

 []

[57]
Underfull \hbox (badness 10000) in paragraph at lines 1570--1573

 []


Underfull \hbox (badness 10000) in paragraph at lines 1574--1577

 []

Package mdframed Info: mdframed works in twoside mode on input line 1579.
Package mdframed Info: mdframed detected package amsthm 
 changed the theorem header of amsthm
(mdframed)              on input line 1579.
[58]
Underfull \hbox (badness 10000) in paragraph at lines 1608--1611

 []

[59]
Underfull \hbox (badness 10000) in paragraph at lines 1619--1625

 []


Underfull \hbox (badness 10000) in paragraph at lines 1619--1625

 []


Underfull \hbox (badness 10000) in paragraph at lines 1627--1635

 []


Underfull \hbox (badness 10000) in paragraph at lines 1627--1635

 []


Underfull \hbox (badness 10000) in paragraph at lines 1627--1635

 []


Underfull \hbox (badness 10000) in paragraph at lines 1627--1635

 []

[60]
Overfull \hbox (7.38736pt too wide) in paragraph at lines 1661--1662
[][]\OT1/cmr/bx/n/12 Exercise 5.3. []\OT1/cmr/m/it/12 Con-versely: if $\OML/cmm
/m/it/12 S$ \OT1/cmr/m/it/12 is (lo-cally) bounded, then ESM $ \OT1/cmr/m/n/12 
=[]\OMS/cmsy/m/n/12 ) $ \OT1/cmr/m/it/12 E(L)MM. 
 []

[61]
Underfull \hbox (badness 10000) in paragraph at lines 1669--1673

 []


Underfull \hbox (badness 10000) in paragraph at lines 1675--1683

 []


Underfull \hbox (badness 10000) in paragraph at lines 1675--1683

 []


Underfull \hbox (badness 10000) in paragraph at lines 1675--1683

 []

[62]
Overfull \hbox (9.44203pt too wide) in paragraph at lines 1704--1707
\OT1/cmr/m/n/12 "1)$ =[]\OMS/cmsy/m/n/12 ) $\OT1/cmr/m/n/12 2)" is con-cep-tu-a
lly sim-i-lar to proof of []2.2[] (DMW; Dalang-Morton-Willinger).
 []


Underfull \hbox (badness 10000) in paragraph at lines 1704--1707

 []


Underfull \hbox (badness 10000) in paragraph at lines 1709--1715

 []


Underfull \hbox (badness 10000) in paragraph at lines 1709--1715

 []

[63]
Underfull \hbox (badness 10000) in paragraph at lines 1728--1735

 []


Underfull \hbox (badness 10000) in paragraph at lines 1728--1735

 []


Underfull \hbox (badness 10000) in paragraph at lines 1728--1735

 []


Underfull \hbox (badness 10000) in paragraph at lines 1737--1740

 []

[64]
Underfull \hbox (badness 10000) in paragraph at lines 1754--1765

 []


Underfull \hbox (badness 10000) in paragraph at lines 1754--1765

 []


Underfull \hbox (badness 10000) in paragraph at lines 1754--1765

 []


Underfull \hbox (badness 10000) in paragraph at lines 1754--1765

 []


Underfull \hbox (badness 10000) in paragraph at lines 1754--1765

 []

[65]
Underfull \hbox (badness 10000) in paragraph at lines 1773--1777

 []


Underfull \hbox (badness 10000) in paragraph at lines 1779--1784

 []


Underfull \hbox (badness 10000) in paragraph at lines 1779--1784

 []


Underfull \hbox (badness 10000) in paragraph at lines 1784--1789

 []


Underfull \hbox (badness 10000) in paragraph at lines 1784--1789

 []

[66]
Underfull \hbox (badness 10000) in paragraph at lines 1793--1796

 []

[67] [68]
Underfull \hbox (badness 10000) in paragraph at lines 1848--1851

 []


Underfull \hbox (badness 10000) in paragraph at lines 1857--1861

 []

[69]
Underfull \hbox (badness 10000) in paragraph at lines 1880--1883

 []


Underfull \hbox (badness 10000) in paragraph at lines 1885--1889

 []

[70]
Underfull \hbox (badness 10000) in paragraph at lines 1895--1898

 []


Underfull \hbox (badness 10000) in paragraph at lines 1900--1904

 []

[71]
Underfull \hbox (badness 10000) in paragraph at lines 1915--1918

 []


Underfull \hbox (badness 10000) in paragraph at lines 1921--1925

 []


Overfull \hbox (6.05122pt too wide) in paragraph at lines 1943--1945
\OT1/cmr/m/n/12 Assume $\OML/cmm/m/it/12 d \OMS/cmsy/m/n/12 ^^T \OML/cmm/m/it/1
2 n$ \OT1/cmr/m/n/12 (that is, more sources of un-cer-tainty than risky as-sets
) and rank($\OML/cmm/m/it/12 ^^[[]\OT1/cmr/m/n/12 ) \OMS/cmsy/m/n/12 ^^Q
 []

[72]
Underfull \hbox (badness 10000) in paragraph at lines 1974--1978

 []

[73] [74]
Underfull \hbox (badness 10000) in paragraph at lines 2028--2031

 []

[75]
Underfull \hbox (badness 10000) in paragraph at lines 2039--2043

 []

[76]
Underfull \hbox (badness 10000) in paragraph at lines 2064--2067

 []


Underfull \hbox (badness 10000) in paragraph at lines 2080--2083

 []

[77]
Underfull \hbox (badness 10000) in paragraph at lines 2085--2089

 []


Underfull \hbox (badness 10000) in paragraph at lines 2085--2089

 []


Underfull \hbox (badness 10000) in paragraph at lines 2095--2098

 []


Underfull \hbox (badness 10000) in paragraph at lines 2101--2105

 []


Underfull \hbox (badness 10000) in paragraph at lines 2101--2105

 []

[78]
Underfull \hbox (badness 10000) in paragraph at lines 2125--2127

 []


Underfull \hbox (badness 10000) in paragraph at lines 2129--2133

 []

[79] [80]
Underfull \hbox (badness 10000) in paragraph at lines 2160--2163

 []


Underfull \hbox (badness 10000) in paragraph at lines 2164--2167

 []

[81]
Underfull \hbox (badness 10000) in paragraph at lines 2203--2206

 []

[82]
Underfull \hbox (badness 10000) in paragraph at lines 2231--2235

 []

[83]
Underfull \hbox (badness 10000) in paragraph at lines 2260--2264

 []

[84]
Underfull \hbox (badness 10000) in paragraph at lines 2272--2275

 []


Underfull \hbox (badness 10000) in paragraph at lines 2277--2281

 []

[85] [86]
Underfull \hbox (badness 10000) in paragraph at lines 2305--2312

 []


Underfull \hbox (badness 10000) in paragraph at lines 2305--2312

 []


Underfull \hbox (badness 10000) in paragraph at lines 2305--2312

 []


Underfull \hbox (badness 10000) in paragraph at lines 2318--2321

 []

[87]
Underfull \hbox (badness 10000) in paragraph at lines 2334--2337

 []


Underfull \hbox (badness 10000) in paragraph at lines 2344--2347

 []

[88]
Underfull \hbox (badness 10000) in paragraph at lines 2386--2390

 []

[89]
Underfull \hbox (badness 10000) in paragraph at lines 2402--2407

 []

[90]
Underfull \hbox (badness 10000) in paragraph at lines 2439--2442

 []

[91]
Underfull \hbox (badness 10000) in paragraph at lines 2453--2460

 []


Underfull \hbox (badness 10000) in paragraph at lines 2453--2460

 []


Underfull \hbox (badness 10000) in paragraph at lines 2453--2460

 []


Underfull \hbox (badness 10000) in paragraph at lines 2466--2470

 []

[92]
Underfull \hbox (badness 10000) in paragraph at lines 2476--2480

 []

[93] [94]

Package hyperref Warning: Token not allowed in a PDF string (PDFDocEncoding):
(hyperref)                removing `math shift' on input line 2508.


Package hyperref Warning: Token not allowed in a PDF string (PDFDocEncoding):
(hyperref)                removing `math shift' on input line 2508.


Underfull \hbox (badness 10000) in paragraph at lines 2509--2513

 []


Underfull \hbox (badness 10000) in paragraph at lines 2509--2513

 []


Underfull \hbox (badness 10000) in paragraph at lines 2526--2530

 []

[95] [96]
Underfull \hbox (badness 10000) in paragraph at lines 2580--2583

 []


Underfull \hbox (badness 10000) in paragraph at lines 2586--2590

 []


Underfull \hbox (badness 10000) in paragraph at lines 2595--2601

 []


Underfull \hbox (badness 10000) in paragraph at lines 2595--2601

 []

[97]
Underfull \hbox (badness 10000) in paragraph at lines 2611--2616

 []


Underfull \hbox (badness 10000) in paragraph at lines 2611--2616

 []


Underfull \hbox (badness 10000) in paragraph at lines 2621--2624

 []

[98]
Underfull \hbox (badness 10000) in paragraph at lines 2652--2656

 []


Underfull \hbox (badness 10000) in paragraph at lines 2660--2664

 []

[99]
Underfull \hbox (badness 10000) in paragraph at lines 2668--2673

 []

[100]
Underfull \hbox (badness 10000) in paragraph at lines 2688--2693

 []


Underfull \hbox (badness 10000) in paragraph at lines 2688--2693

 []


Underfull \hbox (badness 10000) in paragraph at lines 2706--2709

 []

[101]
Underfull \hbox (badness 10000) in paragraph at lines 2729--2732

 []

[102] [103]
Underfull \hbox (badness 10000) in paragraph at lines 2764--2766

 []


Underfull \hbox (badness 10000) in paragraph at lines 2777--2781

 []

[104]
Underfull \hbox (badness 10000) in paragraph at lines 2797--2800

 []

[105]
Underfull \hbox (badness 10000) in paragraph at lines 2814--2818

 []


Underfull \hbox (badness 10000) in paragraph at lines 2814--2818

 []


Underfull \hbox (badness 10000) in paragraph at lines 2829--2834

 []


Underfull \hbox (badness 10000) in paragraph at lines 2829--2834

 []

[106]
Underfull \hbox (badness 10000) in paragraph at lines 2836--2847

 []


Underfull \hbox (badness 10000) in paragraph at lines 2836--2847

 []


Underfull \hbox (badness 10000) in paragraph at lines 2836--2847

 []


Underfull \hbox (badness 10000) in paragraph at lines 2836--2847

 []


Underfull \hbox (badness 10000) in paragraph at lines 2849--2857

 []


Underfull \hbox (badness 10000) in paragraph at lines 2849--2857

 []


Underfull \hbox (badness 10000) in paragraph at lines 2849--2857

 []

[107]
Underfull \hbox (badness 10000) in paragraph at lines 2863--2866

 []


Underfull \hbox (badness 10000) in paragraph at lines 2878--2884

 []


Underfull \hbox (badness 10000) in paragraph at lines 2878--2884

 []


Underfull \hbox (badness 10000) in paragraph at lines 2886--2890

 []

[108]
Overfull \hbox (16.67754pt too wide) in paragraph at lines 2892--2892
[] 
 []

[109]
Underfull \hbox (badness 10000) in paragraph at lines 2897--2906

 []


Underfull \hbox (badness 10000) in paragraph at lines 2897--2906

 []


Underfull \hbox (badness 10000) in paragraph at lines 2897--2906

 []


Underfull \hbox (badness 10000) in paragraph at lines 2897--2906

 []

[110] [111]
Underfull \hbox (badness 10000) in paragraph at lines 2953--2959

 []


Underfull \hbox (badness 10000) in paragraph at lines 2953--2959

 []

[112]
Underfull \hbox (badness 10000) in paragraph at lines 2979--2982

 []


Underfull \hbox (badness 10000) in paragraph at lines 2988--2994

 []


Underfull \hbox (badness 10000) in paragraph at lines 2988--2994

 []

[113]
Underfull \hbox (badness 10000) in paragraph at lines 3009--3014

 []

[114]
Underfull \hbox (badness 10000) in paragraph at lines 3021--3024

 []


Overfull \hbox (0.55487pt too wide) in paragraph at lines 3034--3035
[][]\OT1/cmr/bx/n/12 Example 12.1. []\OT1/cmr/m/it/12 Clas-si-cal util-i-ties o
n $\OT1/cmr/m/n/12 (0\OML/cmm/m/it/12 ; \OMS/cmsy/m/n/12 1\OT1/cmr/m/n/12 )$ \O
T1/cmr/m/it/12 are $\OML/cmm/m/it/12 U\OT1/cmr/m/n/12 (\OML/cmm/m/it/12 x\OT1/c
mr/m/n/12 ) = [] \OML/cmm/m/it/12 x$ \OT1/cmr/m/it/12 with $\OML/cmm/m/it/12 J\
OT1/cmr/m/n/12 (\OML/cmm/m/it/12 y\OT1/cmr/m/n/12 ) = \OMS/cmsy/m/n/12 ^^@ [] \
OML/cmm/m/it/12 y \OMS/cmsy/m/n/12 ^^@
 []


Underfull \hbox (badness 10000) in paragraph at lines 3039--3045

 []


Underfull \hbox (badness 10000) in paragraph at lines 3039--3045

 []

[115]
Underfull \hbox (badness 10000) in paragraph at lines 3049--3056

 []


Underfull \hbox (badness 10000) in paragraph at lines 3049--3056

 []


Overfull \hbox (17.74698pt too wide) in paragraph at lines 3049--3056
\OT1/cmr/m/n/12 A pri-ori, we might have val-ues $+\OMS/cmsy/m/n/12 1$ \OT1/cmr
/m/n/12 for $\OML/cmm/m/it/12 h[]$\OT1/cmr/m/n/12 ; but $\OML/cmm/m/it/12 h[] \
OMS/cmsy/m/n/12 ! \OML/cmm/m/it/12 h \U/msb/m/n/12 P$\OT1/cmr/m/n/12 -a.s., $[]
 \OMS/cmsy/m/n/12 2 []\OT1/cmr/m/n/12 (\OML/cmm/m/it/12 h[]; h[]; [] \OT1/cmr/m
/n/12 )$,
 []


Underfull \hbox (badness 10000) in paragraph at lines 3049--3056

 []

[116]
Underfull \hbox (badness 10000) in paragraph at lines 3081--3084

 []

[117]
Underfull \hbox (badness 10000) in paragraph at lines 3112--3117

 []


Underfull \hbox (badness 10000) in paragraph at lines 3130--3134

 []

[118]
Underfull \hbox (badness 10000) in paragraph at lines 3136--3141

 []


Underfull \hbox (badness 10000) in paragraph at lines 3136--3141

 []


Overfull \hbox (5.07903pt too wide) in paragraph at lines 3147--3148
[][]\OT1/cmr/bx/n/12 Definition 13.1. []$\OML/cmm/m/it/12 U$ \OT1/cmr/m/it/12 h
as \OT1/cmr/bx/it/12 rea-son-able asymp-totic elas-tic-ity at $\OT1/cmr/m/n/12 
+\OMS/cmsy/m/n/12 1$\OT1/cmr/m/it/12 ; RAE$[]\OT1/cmr/m/n/12 (\OML/cmm/m/it/12 
U\OT1/cmr/m/n/12 )$\OT1/cmr/m/it/12 ,
 []

[119] [120]
Underfull \hbox (badness 10000) in paragraph at lines 3216--3220

 []

[121] [122]
Underfull \hbox (badness 10000) in paragraph at lines 3243--3248

 []

[123]
Underfull \hbox (badness 10000) in paragraph at lines 3277--3280

 []


Overfull \hbox (10.07185pt too wide) in paragraph at lines 3295--3295
[] 
 []

[124] [125]
Underfull \hbox (badness 10000) in paragraph at lines 3307--3312

 []


Underfull \hbox (badness 10000) in paragraph at lines 3307--3312

 []

[126]
Underfull \hbox (badness 10000) in paragraph at lines 3345--3354

 []


Underfull \hbox (badness 10000) in paragraph at lines 3360--3368

 []


Underfull \hbox (badness 10000) in paragraph at lines 3360--3368

 []


Underfull \hbox (badness 10000) in paragraph at lines 3360--3368

 []

[127]
Underfull \hbox (badness 10000) in paragraph at lines 3372--3377

 []


Underfull \hbox (badness 10000) in paragraph at lines 3372--3377

 []

[128]
Overfull \hbox (3.55861pt too wide) in paragraph at lines 3395--3396
[]\OT1/cmr/m/n/12 The fol-low-ing ab-stract re-sult pro-vides the miss-ing step
 in the proof of Kreps/Yan
 []


Underfull \hbox (badness 10000) in paragraph at lines 3399--3403

 []

[129]
Overfull \hbox (20.60472pt too wide) in paragraph at lines 3414--3415
[]\OT1/cmr/m/n/12 Set $\OML/cmm/m/it/12 C[] \OT1/cmr/m/n/12 := [](\OML/cmm/m/it
/12 Y[]; Y[]; [] \OT1/cmr/m/n/12 ) \OMS/cmsy/m/n/12 ^^[ \OML/cmm/m/it/12 C[]$ \
OT1/cmr/m/n/12 so that the se-quence $\OML/cmm/m/it/12 J[] \OT1/cmr/m/n/12 := [
][] \U/msb/m/n/12 E\OT1/cmr/m/n/12 (\OML/cmm/m/it/12 e[]\OT1/cmr/m/n/12 )$
 []

[130]
Underfull \hbox (badness 10000) in paragraph at lines 3448--3454

 []


Underfull \hbox (badness 10000) in paragraph at lines 3448--3454

 []

[131] [132]
Underfull \hbox (badness 10000) in paragraph at lines 3497--3503

 []


Underfull \hbox (badness 10000) in paragraph at lines 3497--3503

 []

[133] [134] [135]
Underfull \hbox (badness 10000) in paragraph at lines 3563--3567

 []

[136] [137]
Overfull \hbox (22.00188pt too wide) in paragraph at lines 3619--3620
[][]\OT1/cmr/bx/n/12 Theorem 15.6 \OT1/cmr/m/n/12 (It^o's rep-re-sen-ta-tion th
e-o-rem)\OT1/cmr/bx/n/12 . []\OT1/cmr/m/it/12 Ev-ery ran-dom vari-able $\OML/cm
m/m/it/12 F \OMS/cmsy/m/n/12 2 \OML/cmm/m/it/12 L[]\OT1/cmr/m/n/12 (\OMS/cmsy/m
/n/12 F[]\OML/cmm/m/it/12 ; \U/msb/m/n/12 P\OT1/cmr/m/n/12 )$\OT1/cmr/m/it/12 ,

 []


Package Fancyhdr Warning: \headheight is too small (14.49998pt): 
 Make it at least 27.18335pt.
 We now make it that large for the rest of the document.
 This may cause the page layout to be inconsistent, however.

[138] [139]
Underfull \hbox (badness 10000) in paragraph at lines 3667--3671

 []


Underfull \hbox (badness 10000) in paragraph at lines 3677--3681

 []

[140]
Underfull \hbox (badness 10000) in paragraph at lines 3703--3710

 []


Underfull \hbox (badness 10000) in paragraph at lines 3703--3710

 []

[141] [142] [143]
Underfull \hbox (badness 10000) in paragraph at lines 3780--3784

 []

[144]
Underfull \hbox (badness 10000) in paragraph at lines 3807--3811

 []

[145] [146]
Underfull \hbox (badness 10000) in paragraph at lines 3841--3842

 []


Underfull \hbox (badness 10000) in paragraph at lines 3849--3853

 []


Underfull \hbox (badness 10000) in paragraph at lines 3858--3862

 []

[147]
Underfull \hbox (badness 10000) in paragraph at lines 3865--3868

 []


Underfull \hbox (badness 10000) in paragraph at lines 3870--3875

 []


Underfull \hbox (badness 10000) in paragraph at lines 3870--3875

 []

[148] [149]
Underfull \hbox (badness 10000) in paragraph at lines 3913--3916

 []


Underfull \hbox (badness 10000) in paragraph at lines 3932--3937

 []


Underfull \hbox (badness 10000) in paragraph at lines 3932--3937

 []

[150] [151]
Overfull \hbox (48.50597pt too wide) in paragraph at lines 3954--3958
\OT1/cmr/m/n/12 (\OML/cmm/m/it/12 G[]\OT1/cmr/m/n/12 (^^B[]) \OMS/cmsy/m/n/12 ^
^@ \OML/cmm/m/it/12 L[]\OT1/cmr/m/n/12 ) \OMS/cmsy/m/n/12 \ \OML/cmm/m/it/12 L[
]$\OT1/cmr/m/n/12 , is set of all \OT1/cmr/bx/n/12 bounded \OT1/cmr/m/n/12 pay-
offs which can be dom-i-nated/superreplicated
 []


Underfull \hbox (badness 10000) in paragraph at lines 3961--3969

 []


Underfull \hbox (badness 10000) in paragraph at lines 3961--3969

 []


Underfull \hbox (badness 10000) in paragraph at lines 3961--3969

 []

[152]
Underfull \hbox (badness 10000) in paragraph at lines 3973--3977

 []

[153]
Overfull \hbox (45.57874pt too wide) in paragraph at lines 3994--4000
\OT1/cmr/bx/n/12 Exercise []5.3[]: \OT1/cmr/m/n/12 Let $(
\OML/cmm/m/it/12 ; \OMS/cmsy/m/n/12 F\OML/cmm/m/it/12 ; \OT1/cmr/m/n/12 (\OMS/c
msy/m/n/12 F[]\OT1/cmr/m/n/12 )[]\OML/cmm/m/it/12 ; \U/msb/m/n/12 P\OT1/cmr/m/n
/12 )$ be a fil-tered prob-a-bil-ity space, $\OML/cmm/m/it/12 S \OT1/cmr/m/n/12
 = (\OML/cmm/m/it/12 S[]; [] ; S[]\OT1/cmr/m/n/12 )[]$
 []


Underfull \hbox (badness 10000) in paragraph at lines 3994--4000

 []


Underfull \hbox (badness 10000) in paragraph at lines 3994--4000

 []


Underfull \hbox (badness 10000) in paragraph at lines 4003--4011

 []


Underfull \hbox (badness 10000) in paragraph at lines 4003--4011

 []


Underfull \hbox (badness 10000) in paragraph at lines 4003--4011

 []

[154] [155]
Underfull \hbox (badness 10000) in paragraph at lines 4053--4056

 []

[156]
Underfull \hbox (badness 10000) in paragraph at lines 4068--4071

 []

[157]
Package atveryend Info: Empty hook `BeforeClearDocument' on input line 4112.
 [158]
Package atveryend Info: Empty hook `AfterLastShipout' on input line 4112.
 (./mathfin.aux)
Package atveryend Info: Executing hook `AtVeryEndDocument' on input line 4112.
Package atveryend Info: Executing hook `AtEndAfterFileList' on input line 4112.

Package rerunfilecheck Info: File `mathfin.out' has not changed.
(rerunfilecheck)             Checksum: 64F8964E3A88779BDE4BD55AAA2F0C4A;2595.
 ) 
Here is how much of TeX's memory you used:
 16597 strings out of 494902
 276902 string characters out of 6179892
 357669 words of memory out of 5000000
 19131 multiletter control sequences out of 15000+600000
 16753 words of font info for 61 fonts, out of 8000000 for 9000
 36 hyphenation exceptions out of 8191
 39i,24n,43p,10418b,505s stack positions out of 5000i,500n,10000p,200000b,80000s
</usr/share/texlive/texmf-dist/fonts/type1/public/amsfonts/cm/cmbx12.pfb></us
r/share/texlive/texmf-dist/fonts/type1/public/amsfonts/cm/cmbx8.pfb></usr/share
/texlive/texmf-dist/fonts/type1/public/amsfonts/cm/cmbxti10.pfb></usr/share/tex
live/texmf-dist/fonts/type1/public/amsfonts/cm/cmcsc10.pfb></usr/share/texlive/
texmf-dist/fonts/type1/public/amsfonts/cm/cmex10.pfb></usr/share/texlive/texmf-
dist/fonts/type1/public/amsfonts/cmextra/cmex7.pfb></usr/share/texlive/texmf-di
st/fonts/type1/public/amsfonts/cmextra/cmex8.pfb></usr/share/texlive/texmf-dist
/fonts/type1/public/amsfonts/cm/cmmi12.pfb></usr/share/texlive/texmf-dist/fonts
/type1/public/amsfonts/cm/cmmi6.pfb></usr/share/texlive/texmf-dist/fonts/type1/
public/amsfonts/cm/cmmi8.pfb></usr/share/texlive/texmf-dist/fonts/type1/public/
amsfonts/cm/cmr12.pfb></usr/share/texlive/texmf-dist/fonts/type1/public/amsfont
s/cm/cmr6.pfb></usr/share/texlive/texmf-dist/fonts/type1/public/amsfonts/cm/cmr
8.pfb></usr/share/texlive/texmf-dist/fonts/type1/public/amsfonts/cm/cmsy10.pfb>
</usr/share/texlive/texmf-dist/fonts/type1/public/amsfonts/cm/cmsy6.pfb></usr/s
hare/texlive/texmf-dist/fonts/type1/public/amsfonts/cm/cmsy8.pfb></usr/share/te
xlive/texmf-dist/fonts/type1/public/amsfonts/cm/cmti12.pfb></usr/share/texlive/
texmf-dist/fonts/type1/public/amsfonts/cm/cmti7.pfb></usr/share/texlive/texmf-d
ist/fonts/type1/public/amsfonts/cm/cmti8.pfb></usr/share/texlive/texmf-dist/fon
ts/type1/public/amsfonts/symbols/msam10.pfb></usr/share/texlive/texmf-dist/font
s/type1/public/amsfonts/symbols/msbm10.pfb>
Output written on mathfin.pdf (158 pages, 845500 bytes).
PDF statistics:
 1798 PDF objects out of 2073 (max. 8388607)
 1571 compressed objects within 16 object streams
 592 named destinations out of 1000 (max. 500000)
 270 words of extra memory for PDF output out of 10000 (max. 10000000)

